<?xml version="1.0" encoding="UTF-8"?>
<!-- Generated by org.testng.reporters.JUnitXMLReporter -->
<testsuite ignored="0" hostname="Realme_SlimBook" failures="2" tests="3" name="Test" time="48.494" errors="0" timestamp="2024-05-19T17:58:58 IST">
  <testcase classname="excelReading.DataDrivenTesting" name="testdatadriven" time="21.127"/>
  <testcase classname="excelReading.DataDrivenTesting" name="testdatadriven" time="15.028">
    <failure type="java.lang.AssertionError" message="Login Failed expected [true] but found [false]">
      <![CDATA[java.lang.AssertionError: Login Failed expected [true] but found [false]
at excelReading.DataDrivenTesting.testdatadriven(DataDrivenTesting.java:35)
at java.base/java.util.ArrayList.forEach(ArrayList.java:1511)
... Removed 30 stack frames]]>
    </failure>
  </testcase> <!-- testdatadriven -->
  <testcase classname="excelReading.DataDrivenTesting" name="testdatadriven" time="10.768">
    <failure type="java.lang.AssertionError" message="Login Failed expected [true] but found [false]">
      <![CDATA[java.lang.AssertionError: Login Failed expected [true] but found [false]
at excelReading.DataDrivenTesting.testdatadriven(DataDrivenTesting.java:35)
at java.base/java.util.ArrayList.forEach(ArrayList.java:1511)
... Removed 30 stack frames]]>
    </failure>
  </testcase> <!-- testdatadriven -->
</testsuite> <!-- Test -->
